running egg_info
creating ../../build/bumper_py_examples/bumper_py_examples.egg-info
writing ../../build/bumper_py_examples/bumper_py_examples.egg-info/PKG-INFO
writing dependency_links to ../../build/bumper_py_examples/bumper_py_examples.egg-info/dependency_links.txt
writing requirements to ../../build/bumper_py_examples/bumper_py_examples.egg-info/requires.txt
writing top-level names to ../../build/bumper_py_examples/bumper_py_examples.egg-info/top_level.txt
writing manifest file '../../build/bumper_py_examples/bumper_py_examples.egg-info/SOURCES.txt'
reading manifest file '../../build/bumper_py_examples/bumper_py_examples.egg-info/SOURCES.txt'
writing manifest file '../../build/bumper_py_examples/bumper_py_examples.egg-info/SOURCES.txt'
running build
running build_py
creating /home/madison/Documents/Firmware/bumperbot_ws/build/bumper_py_examples/build
creating /home/madison/Documents/Firmware/bumperbot_ws/build/bumper_py_examples/build/lib
creating /home/madison/Documents/Firmware/bumperbot_ws/build/bumper_py_examples/build/lib/bumper_py_examples
copying bumper_py_examples/__init__.py -> /home/madison/Documents/Firmware/bumperbot_ws/build/bumper_py_examples/build/lib/bumper_py_examples
running install
running install_lib
creating /home/madison/Documents/Firmware/bumperbot_ws/install/bumper_py_examples/lib/python3.12/site-packages/bumper_py_examples
copying /home/madison/Documents/Firmware/bumperbot_ws/build/bumper_py_examples/build/lib/bumper_py_examples/__init__.py -> /home/madison/Documents/Firmware/bumperbot_ws/install/bumper_py_examples/lib/python3.12/site-packages/bumper_py_examples
byte-compiling /home/madison/Documents/Firmware/bumperbot_ws/install/bumper_py_examples/lib/python3.12/site-packages/bumper_py_examples/__init__.py to __init__.cpython-312.pyc
running install_data
creating /home/madison/Documents/Firmware/bumperbot_ws/install/bumper_py_examples/share/ament_index
creating /home/madison/Documents/Firmware/bumperbot_ws/install/bumper_py_examples/share/ament_index/resource_index
creating /home/madison/Documents/Firmware/bumperbot_ws/install/bumper_py_examples/share/ament_index/resource_index/packages
copying resource/bumper_py_examples -> /home/madison/Documents/Firmware/bumperbot_ws/install/bumper_py_examples/share/ament_index/resource_index/packages
copying package.xml -> /home/madison/Documents/Firmware/bumperbot_ws/install/bumper_py_examples/share/bumper_py_examples
running install_egg_info
Copying ../../build/bumper_py_examples/bumper_py_examples.egg-info to /home/madison/Documents/Firmware/bumperbot_ws/install/bumper_py_examples/lib/python3.12/site-packages/bumper_py_examples-0.0.0-py3.12.egg-info
running install_scripts
writing list of installed files to '/home/madison/Documents/Firmware/bumperbot_ws/build/bumper_py_examples/install.log'
