[2.070s] Invoking command in '/home/madison/Documents/Firmware/bumperbot_ws/src/bumper_py_examples': DEBUGINFOD_URLS=https://debuginfod.ubuntu.com PYTHONPATH=/home/madison/Documents/Firmware/bumperbot_ws/build/bumper_py_examples/prefix_override:/usr/lib/python3/dist-packages/colcon_core/task/python/colcon_distutils_commands:/home/madison/Documents/Firmware/bumperbot_ws/install/bumper_py_examples/lib/python3.12/site-packages:${PYTHONPATH} /usr/bin/python3 -W ignore:setup.py install is deprecated -W ignore:easy_install command is deprecated setup.py egg_info --egg-base ../../build/bumper_py_examples build --build-base /home/madison/Documents/Firmware/bumperbot_ws/build/bumper_py_examples/build install --record /home/madison/Documents/Firmware/bumperbot_ws/build/bumper_py_examples/install.log --single-version-externally-managed install_data
[2.486s] running egg_info
[2.487s] creating ../../build/bumper_py_examples/bumper_py_examples.egg-info
[2.522s] writing ../../build/bumper_py_examples/bumper_py_examples.egg-info/PKG-INFO
[2.522s] writing dependency_links to ../../build/bumper_py_examples/bumper_py_examples.egg-info/dependency_links.txt
[2.523s] writing requirements to ../../build/bumper_py_examples/bumper_py_examples.egg-info/requires.txt
[2.523s] writing top-level names to ../../build/bumper_py_examples/bumper_py_examples.egg-info/top_level.txt
[2.523s] writing manifest file '../../build/bumper_py_examples/bumper_py_examples.egg-info/SOURCES.txt'
[2.591s] reading manifest file '../../build/bumper_py_examples/bumper_py_examples.egg-info/SOURCES.txt'
[2.591s] writing manifest file '../../build/bumper_py_examples/bumper_py_examples.egg-info/SOURCES.txt'
[2.592s] running build
[2.592s] running build_py
[2.592s] creating /home/madison/Documents/Firmware/bumperbot_ws/build/bumper_py_examples/build
[2.592s] creating /home/madison/Documents/Firmware/bumperbot_ws/build/bumper_py_examples/build/lib
[2.592s] creating /home/madison/Documents/Firmware/bumperbot_ws/build/bumper_py_examples/build/lib/bumper_py_examples
[2.593s] copying bumper_py_examples/__init__.py -> /home/madison/Documents/Firmware/bumperbot_ws/build/bumper_py_examples/build/lib/bumper_py_examples
[2.593s] running install
[2.605s] running install_lib
[2.640s] creating /home/madison/Documents/Firmware/bumperbot_ws/install/bumper_py_examples/lib/python3.12/site-packages/bumper_py_examples
[2.640s] copying /home/madison/Documents/Firmware/bumperbot_ws/build/bumper_py_examples/build/lib/bumper_py_examples/__init__.py -> /home/madison/Documents/Firmware/bumperbot_ws/install/bumper_py_examples/lib/python3.12/site-packages/bumper_py_examples
[2.641s] byte-compiling /home/madison/Documents/Firmware/bumperbot_ws/install/bumper_py_examples/lib/python3.12/site-packages/bumper_py_examples/__init__.py to __init__.cpython-312.pyc
[2.641s] running install_data
[2.641s] creating /home/madison/Documents/Firmware/bumperbot_ws/install/bumper_py_examples/share/ament_index
[2.642s] creating /home/madison/Documents/Firmware/bumperbot_ws/install/bumper_py_examples/share/ament_index/resource_index
[2.642s] creating /home/madison/Documents/Firmware/bumperbot_ws/install/bumper_py_examples/share/ament_index/resource_index/packages
[2.642s] copying resource/bumper_py_examples -> /home/madison/Documents/Firmware/bumperbot_ws/install/bumper_py_examples/share/ament_index/resource_index/packages
[2.642s] copying package.xml -> /home/madison/Documents/Firmware/bumperbot_ws/install/bumper_py_examples/share/bumper_py_examples
[2.642s] running install_egg_info
[2.679s] Copying ../../build/bumper_py_examples/bumper_py_examples.egg-info to /home/madison/Documents/Firmware/bumperbot_ws/install/bumper_py_examples/lib/python3.12/site-packages/bumper_py_examples-0.0.0-py3.12.egg-info
[2.682s] running install_scripts
[2.904s] writing list of installed files to '/home/madison/Documents/Firmware/bumperbot_ws/build/bumper_py_examples/install.log'
[2.951s] Invoked command in '/home/madison/Documents/Firmware/bumperbot_ws/src/bumper_py_examples' returned '0': DEBUGINFOD_URLS=https://debuginfod.ubuntu.com PYTHONPATH=/home/madison/Documents/Firmware/bumperbot_ws/build/bumper_py_examples/prefix_override:/usr/lib/python3/dist-packages/colcon_core/task/python/colcon_distutils_commands:/home/madison/Documents/Firmware/bumperbot_ws/install/bumper_py_examples/lib/python3.12/site-packages:${PYTHONPATH} /usr/bin/python3 -W ignore:setup.py install is deprecated -W ignore:easy_install command is deprecated setup.py egg_info --egg-base ../../build/bumper_py_examples build --build-base /home/madison/Documents/Firmware/bumperbot_ws/build/bumper_py_examples/build install --record /home/madison/Documents/Firmware/bumperbot_ws/build/bumper_py_examples/install.log --single-version-externally-managed install_data
