[0.154s] DEBUG:colcon:Command line arguments: ['/usr/bin/colcon', 'build']
[0.154s] DEBUG:colcon:Parsed command line arguments: Namespace(log_base=None, log_level=None, verb_name='build', build_base='build', install_base='install', merge_install=False, symlink_install=False, test_result_base=None, continue_on_error=False, executor='parallel', parallel_workers=4, event_handlers=None, ignore_user_meta=False, metas=['./colcon.meta'], base_paths=['.'], packages_ignore=None, packages_ignore_regex=None, paths=None, packages_up_to=None, packages_up_to_regex=None, packages_above=None, packages_above_and_dependencies=None, packages_above_depth=None, packages_select_by_dep=None, packages_skip_by_dep=None, packages_skip_up_to=None, packages_select_build_failed=False, packages_skip_build_finished=False, packages_select_test_failures=False, packages_skip_test_passed=False, packages_select=None, packages_skip=None, packages_select_regex=None, packages_skip_regex=None, packages_start=None, packages_end=None, allow_overriding=[], cmake_args=None, cmake_target=None, cmake_target_skip_unavailable=False, cmake_clean_cache=False, cmake_clean_first=False, cmake_force_configure=False, ament_cmake_args=None, catkin_cmake_args=None, catkin_skip_building_tests=False, mixin_files=None, mixin=None, verb_parser=<colcon_mixin.mixin.mixin_argument.MixinArgumentDecorator object at 0x71f87a169ca0>, verb_extension=<colcon_core.verb.build.BuildVerb object at 0x71f879f8cce0>, main=<bound method BuildVerb.main of <colcon_core.verb.build.BuildVerb object at 0x71f879f8cce0>>, mixin_verb=('build',))
[0.219s] Level 1:colcon.colcon_core.package_discovery:discover_packages(colcon_meta) check parameters
[0.219s] Level 1:colcon.colcon_core.package_discovery:discover_packages(recursive) check parameters
[0.219s] Level 1:colcon.colcon_core.package_discovery:discover_packages(ignore) check parameters
[0.219s] Level 1:colcon.colcon_core.package_discovery:discover_packages(path) check parameters
[0.219s] Level 1:colcon.colcon_core.package_discovery:discover_packages(colcon_meta) discover
[0.219s] Level 1:colcon.colcon_core.package_discovery:discover_packages(recursive) discover
[0.219s] INFO:colcon.colcon_core.package_discovery:Crawling recursively for packages in '/home/madison/Documents/Firmware/bumperbot_ws'
[0.220s] Level 1:colcon.colcon_core.package_identification:_identify(.) by extensions ['ignore', 'ignore_ament_install']
[0.220s] Level 1:colcon.colcon_core.package_identification:_identify(.) by extension 'ignore'
[0.220s] Level 1:colcon.colcon_core.package_identification:_identify(.) by extension 'ignore_ament_install'
[0.220s] Level 1:colcon.colcon_core.package_identification:_identify(.) by extensions ['colcon_pkg']
[0.220s] Level 1:colcon.colcon_core.package_identification:_identify(.) by extension 'colcon_pkg'
[0.220s] Level 1:colcon.colcon_core.package_identification:_identify(.) by extensions ['colcon_meta']
[0.220s] Level 1:colcon.colcon_core.package_identification:_identify(.) by extension 'colcon_meta'
[0.220s] Level 1:colcon.colcon_core.package_identification:_identify(.) by extensions ['ros']
[0.220s] Level 1:colcon.colcon_core.package_identification:_identify(.) by extension 'ros'
[0.264s] Level 1:colcon.colcon_core.package_identification:_identify(.) by extensions ['cmake', 'python']
[0.264s] Level 1:colcon.colcon_core.package_identification:_identify(.) by extension 'cmake'
[0.264s] Level 1:colcon.colcon_core.package_identification:_identify(.) by extension 'python'
[0.264s] Level 1:colcon.colcon_core.package_identification:_identify(.) by extensions ['python_setup_py']
[0.264s] Level 1:colcon.colcon_core.package_identification:_identify(.) by extension 'python_setup_py'
[0.265s] Level 1:colcon.colcon_core.package_identification:_identify(build) by extensions ['ignore', 'ignore_ament_install']
[0.265s] Level 1:colcon.colcon_core.package_identification:_identify(build) by extension 'ignore'
[0.265s] Level 1:colcon.colcon_core.package_identification:_identify(build) ignored
[0.265s] Level 1:colcon.colcon_core.package_identification:_identify(install) by extensions ['ignore', 'ignore_ament_install']
[0.265s] Level 1:colcon.colcon_core.package_identification:_identify(install) by extension 'ignore'
[0.266s] Level 1:colcon.colcon_core.package_identification:_identify(install) ignored
[0.266s] Level 1:colcon.colcon_core.package_identification:_identify(log) by extensions ['ignore', 'ignore_ament_install']
[0.266s] Level 1:colcon.colcon_core.package_identification:_identify(log) by extension 'ignore'
[0.266s] Level 1:colcon.colcon_core.package_identification:_identify(log) ignored
[0.266s] Level 1:colcon.colcon_core.package_identification:_identify(src) by extensions ['ignore', 'ignore_ament_install']
[0.266s] Level 1:colcon.colcon_core.package_identification:_identify(src) by extension 'ignore'
[0.267s] Level 1:colcon.colcon_core.package_identification:_identify(src) by extension 'ignore_ament_install'
[0.267s] Level 1:colcon.colcon_core.package_identification:_identify(src) by extensions ['colcon_pkg']
[0.267s] Level 1:colcon.colcon_core.package_identification:_identify(src) by extension 'colcon_pkg'
[0.267s] Level 1:colcon.colcon_core.package_identification:_identify(src) by extensions ['colcon_meta']
[0.267s] Level 1:colcon.colcon_core.package_identification:_identify(src) by extension 'colcon_meta'
[0.267s] Level 1:colcon.colcon_core.package_identification:_identify(src) by extensions ['ros']
[0.267s] Level 1:colcon.colcon_core.package_identification:_identify(src) by extension 'ros'
[0.267s] Level 1:colcon.colcon_core.package_identification:_identify(src) by extensions ['cmake', 'python']
[0.267s] Level 1:colcon.colcon_core.package_identification:_identify(src) by extension 'cmake'
[0.267s] Level 1:colcon.colcon_core.package_identification:_identify(src) by extension 'python'
[0.267s] Level 1:colcon.colcon_core.package_identification:_identify(src) by extensions ['python_setup_py']
[0.267s] Level 1:colcon.colcon_core.package_identification:_identify(src) by extension 'python_setup_py'
[0.267s] Level 1:colcon.colcon_core.package_identification:_identify(src/bumper_cpp_examples) by extensions ['ignore', 'ignore_ament_install']
[0.268s] Level 1:colcon.colcon_core.package_identification:_identify(src/bumper_cpp_examples) by extension 'ignore'
[0.268s] Level 1:colcon.colcon_core.package_identification:_identify(src/bumper_cpp_examples) by extension 'ignore_ament_install'
[0.268s] Level 1:colcon.colcon_core.package_identification:_identify(src/bumper_cpp_examples) by extensions ['colcon_pkg']
[0.268s] Level 1:colcon.colcon_core.package_identification:_identify(src/bumper_cpp_examples) by extension 'colcon_pkg'
[0.268s] Level 1:colcon.colcon_core.package_identification:_identify(src/bumper_cpp_examples) by extensions ['colcon_meta']
[0.268s] Level 1:colcon.colcon_core.package_identification:_identify(src/bumper_cpp_examples) by extension 'colcon_meta'
[0.268s] Level 1:colcon.colcon_core.package_identification:_identify(src/bumper_cpp_examples) by extensions ['ros']
[0.268s] Level 1:colcon.colcon_core.package_identification:_identify(src/bumper_cpp_examples) by extension 'ros'
[0.273s] DEBUG:colcon.colcon_core.package_identification:Package 'src/bumper_cpp_examples' with type 'ros.ament_cmake' and name 'bumper_cpp_examples'
[0.273s] Level 1:colcon.colcon_core.package_identification:_identify(src/bumper_py_examples) by extensions ['ignore', 'ignore_ament_install']
[0.273s] Level 1:colcon.colcon_core.package_identification:_identify(src/bumper_py_examples) by extension 'ignore'
[0.273s] Level 1:colcon.colcon_core.package_identification:_identify(src/bumper_py_examples) by extension 'ignore_ament_install'
[0.273s] Level 1:colcon.colcon_core.package_identification:_identify(src/bumper_py_examples) by extensions ['colcon_pkg']
[0.273s] Level 1:colcon.colcon_core.package_identification:_identify(src/bumper_py_examples) by extension 'colcon_pkg'
[0.273s] Level 1:colcon.colcon_core.package_identification:_identify(src/bumper_py_examples) by extensions ['colcon_meta']
[0.273s] Level 1:colcon.colcon_core.package_identification:_identify(src/bumper_py_examples) by extension 'colcon_meta'
[0.273s] Level 1:colcon.colcon_core.package_identification:_identify(src/bumper_py_examples) by extensions ['ros']
[0.274s] Level 1:colcon.colcon_core.package_identification:_identify(src/bumper_py_examples) by extension 'ros'
[0.274s] DEBUG:colcon.colcon_core.package_identification:Package 'src/bumper_py_examples' with type 'ros.ament_python' and name 'bumper_py_examples'
[0.274s] Level 1:colcon.colcon_core.package_discovery:discover_packages(recursive) using defaults
[0.274s] Level 1:colcon.colcon_core.package_discovery:discover_packages(ignore) discover
[0.274s] Level 1:colcon.colcon_core.package_discovery:discover_packages(ignore) using defaults
[0.274s] Level 1:colcon.colcon_core.package_discovery:discover_packages(path) discover
[0.274s] Level 1:colcon.colcon_core.package_discovery:discover_packages(path) using defaults
[0.301s] Level 1:colcon.colcon_core.package_discovery:discover_packages(prefix_path) check parameters
[0.301s] Level 1:colcon.colcon_core.package_discovery:discover_packages(prefix_path) discover
[0.305s] DEBUG:colcon.colcon_installed_package_information.package_discovery:Found 285 installed packages in /opt/ros/rolling
[0.306s] Level 1:colcon.colcon_core.package_discovery:discover_packages(prefix_path) using defaults
[0.372s] Level 5:colcon.colcon_core.verb:set package 'bumper_cpp_examples' build argument 'cmake_args' from command line to 'None'
[0.372s] Level 5:colcon.colcon_core.verb:set package 'bumper_cpp_examples' build argument 'cmake_target' from command line to 'None'
[0.372s] Level 5:colcon.colcon_core.verb:set package 'bumper_cpp_examples' build argument 'cmake_target_skip_unavailable' from command line to 'False'
[0.372s] Level 5:colcon.colcon_core.verb:set package 'bumper_cpp_examples' build argument 'cmake_clean_cache' from command line to 'False'
[0.372s] Level 5:colcon.colcon_core.verb:set package 'bumper_cpp_examples' build argument 'cmake_clean_first' from command line to 'False'
[0.372s] Level 5:colcon.colcon_core.verb:set package 'bumper_cpp_examples' build argument 'cmake_force_configure' from command line to 'False'
[0.372s] Level 5:colcon.colcon_core.verb:set package 'bumper_cpp_examples' build argument 'ament_cmake_args' from command line to 'None'
[0.372s] Level 5:colcon.colcon_core.verb:set package 'bumper_cpp_examples' build argument 'catkin_cmake_args' from command line to 'None'
[0.372s] Level 5:colcon.colcon_core.verb:set package 'bumper_cpp_examples' build argument 'catkin_skip_building_tests' from command line to 'False'
[0.373s] DEBUG:colcon.colcon_core.verb:Building package 'bumper_cpp_examples' with the following arguments: {'ament_cmake_args': None, 'build_base': '/home/madison/Documents/Firmware/bumperbot_ws/build/bumper_cpp_examples', 'catkin_cmake_args': None, 'catkin_skip_building_tests': False, 'cmake_args': None, 'cmake_clean_cache': False, 'cmake_clean_first': False, 'cmake_force_configure': False, 'cmake_target': None, 'cmake_target_skip_unavailable': False, 'install_base': '/home/madison/Documents/Firmware/bumperbot_ws/install/bumper_cpp_examples', 'merge_install': False, 'path': '/home/madison/Documents/Firmware/bumperbot_ws/src/bumper_cpp_examples', 'symlink_install': False, 'test_result_base': None}
[0.373s] Level 5:colcon.colcon_core.verb:set package 'bumper_py_examples' build argument 'cmake_args' from command line to 'None'
[0.373s] Level 5:colcon.colcon_core.verb:set package 'bumper_py_examples' build argument 'cmake_target' from command line to 'None'
[0.373s] Level 5:colcon.colcon_core.verb:set package 'bumper_py_examples' build argument 'cmake_target_skip_unavailable' from command line to 'False'
[0.373s] Level 5:colcon.colcon_core.verb:set package 'bumper_py_examples' build argument 'cmake_clean_cache' from command line to 'False'
[0.373s] Level 5:colcon.colcon_core.verb:set package 'bumper_py_examples' build argument 'cmake_clean_first' from command line to 'False'
[0.373s] Level 5:colcon.colcon_core.verb:set package 'bumper_py_examples' build argument 'cmake_force_configure' from command line to 'False'
[0.373s] Level 5:colcon.colcon_core.verb:set package 'bumper_py_examples' build argument 'ament_cmake_args' from command line to 'None'
[0.373s] Level 5:colcon.colcon_core.verb:set package 'bumper_py_examples' build argument 'catkin_cmake_args' from command line to 'None'
[0.373s] Level 5:colcon.colcon_core.verb:set package 'bumper_py_examples' build argument 'catkin_skip_building_tests' from command line to 'False'
[0.373s] DEBUG:colcon.colcon_core.verb:Building package 'bumper_py_examples' with the following arguments: {'ament_cmake_args': None, 'build_base': '/home/madison/Documents/Firmware/bumperbot_ws/build/bumper_py_examples', 'catkin_cmake_args': None, 'catkin_skip_building_tests': False, 'cmake_args': None, 'cmake_clean_cache': False, 'cmake_clean_first': False, 'cmake_force_configure': False, 'cmake_target': None, 'cmake_target_skip_unavailable': False, 'install_base': '/home/madison/Documents/Firmware/bumperbot_ws/install/bumper_py_examples', 'merge_install': False, 'path': '/home/madison/Documents/Firmware/bumperbot_ws/src/bumper_py_examples', 'symlink_install': False, 'test_result_base': None}
[0.374s] INFO:colcon.colcon_core.executor:Executing jobs using 'parallel' executor
[0.375s] DEBUG:colcon.colcon_parallel_executor.executor.parallel:run_until_complete
[0.375s] INFO:colcon.colcon_ros.task.ament_cmake.build:Building ROS package in '/home/madison/Documents/Firmware/bumperbot_ws/src/bumper_cpp_examples' with build type 'ament_cmake'
[0.375s] INFO:colcon.colcon_cmake.task.cmake.build:Building CMake package in '/home/madison/Documents/Firmware/bumperbot_ws/src/bumper_cpp_examples'
[0.379s] INFO:colcon.colcon_core.plugin_system:Skipping extension 'colcon_core.shell.bat': Not used on non-Windows systems
[0.379s] INFO:colcon.colcon_core.shell:Skip shell extension 'powershell' for command environment: Not usable outside of PowerShell
[0.379s] DEBUG:colcon.colcon_core.shell:Skip shell extension 'dsv' for command environment
[0.387s] INFO:colcon.colcon_ros.task.ament_python.build:Building ROS package in '/home/madison/Documents/Firmware/bumperbot_ws/src/bumper_py_examples' with build type 'ament_python'
[0.387s] Level 1:colcon.colcon_core.shell:create_environment_hook('bumper_py_examples', 'ament_prefix_path')
[0.388s] INFO:colcon.colcon_core.shell:Creating environment hook '/home/madison/Documents/Firmware/bumperbot_ws/install/bumper_py_examples/share/bumper_py_examples/hook/ament_prefix_path.ps1'
[0.389s] INFO:colcon.colcon_core.shell:Creating environment descriptor '/home/madison/Documents/Firmware/bumperbot_ws/install/bumper_py_examples/share/bumper_py_examples/hook/ament_prefix_path.dsv'
[0.390s] INFO:colcon.colcon_core.shell:Creating environment hook '/home/madison/Documents/Firmware/bumperbot_ws/install/bumper_py_examples/share/bumper_py_examples/hook/ament_prefix_path.sh'
[0.392s] INFO:colcon.colcon_core.shell:Skip shell extension 'powershell' for command environment: Not usable outside of PowerShell
[0.392s] DEBUG:colcon.colcon_core.shell:Skip shell extension 'dsv' for command environment
[0.399s] DEBUG:colcon.colcon_core.event_handler.log_command:Invoking command in '/home/madison/Documents/Firmware/bumperbot_ws/build/bumper_cpp_examples': CMAKE_PREFIX_PATH=${CMAKE_PREFIX_PATH}:/opt/ros/rolling DEBUGINFOD_URLS=https://debuginfod.ubuntu.com /usr/bin/cmake /home/madison/Documents/Firmware/bumperbot_ws/src/bumper_cpp_examples -DCMAKE_INSTALL_PREFIX=/home/madison/Documents/Firmware/bumperbot_ws/install/bumper_cpp_examples
[0.781s] INFO:colcon.colcon_core.task.python.build:Building Python package in '/home/madison/Documents/Firmware/bumperbot_ws/src/bumper_py_examples'
[0.781s] INFO:colcon.colcon_core.shell:Skip shell extension 'powershell' for command environment: Not usable outside of PowerShell
[0.782s] DEBUG:colcon.colcon_core.shell:Skip shell extension 'dsv' for command environment
[1.999s] DEBUG:colcon.colcon_core.event_handler.log_command:Invoked command in '/home/madison/Documents/Firmware/bumperbot_ws/build/bumper_cpp_examples' returned '0': CMAKE_PREFIX_PATH=${CMAKE_PREFIX_PATH}:/opt/ros/rolling DEBUGINFOD_URLS=https://debuginfod.ubuntu.com /usr/bin/cmake /home/madison/Documents/Firmware/bumperbot_ws/src/bumper_cpp_examples -DCMAKE_INSTALL_PREFIX=/home/madison/Documents/Firmware/bumperbot_ws/install/bumper_cpp_examples
[1.999s] DEBUG:colcon.colcon_core.event_handler.log_command:Invoking command in '/home/madison/Documents/Firmware/bumperbot_ws/build/bumper_cpp_examples': CMAKE_PREFIX_PATH=${CMAKE_PREFIX_PATH}:/opt/ros/rolling DEBUGINFOD_URLS=https://debuginfod.ubuntu.com /usr/bin/cmake --build /home/madison/Documents/Firmware/bumperbot_ws/build/bumper_cpp_examples -- -j4 -l4
[2.069s] DEBUG:colcon.colcon_core.event_handler.log_command:Invoked command in '/home/madison/Documents/Firmware/bumperbot_ws/build/bumper_cpp_examples' returned '0': CMAKE_PREFIX_PATH=${CMAKE_PREFIX_PATH}:/opt/ros/rolling DEBUGINFOD_URLS=https://debuginfod.ubuntu.com /usr/bin/cmake --build /home/madison/Documents/Firmware/bumperbot_ws/build/bumper_cpp_examples -- -j4 -l4
[2.087s] DEBUG:colcon.colcon_core.event_handler.log_command:Invoking command in '/home/madison/Documents/Firmware/bumperbot_ws/build/bumper_cpp_examples': CMAKE_PREFIX_PATH=${CMAKE_PREFIX_PATH}:/opt/ros/rolling DEBUGINFOD_URLS=https://debuginfod.ubuntu.com /usr/bin/cmake --install /home/madison/Documents/Firmware/bumperbot_ws/build/bumper_cpp_examples
[2.105s] Level 1:colcon.colcon_core.environment:create_environment_scripts_only(bumper_cpp_examples)
[2.107s] DEBUG:colcon.colcon_core.event_handler.log_command:Invoked command in '/home/madison/Documents/Firmware/bumperbot_ws/build/bumper_cpp_examples' returned '0': CMAKE_PREFIX_PATH=${CMAKE_PREFIX_PATH}:/opt/ros/rolling DEBUGINFOD_URLS=https://debuginfod.ubuntu.com /usr/bin/cmake --install /home/madison/Documents/Firmware/bumperbot_ws/build/bumper_cpp_examples
[2.123s] Level 1:colcon.colcon_core.environment:checking '/home/madison/Documents/Firmware/bumperbot_ws/install/bumper_cpp_examples' for CMake module files
[2.124s] Level 1:colcon.colcon_core.environment:checking '/home/madison/Documents/Firmware/bumperbot_ws/install/bumper_cpp_examples' for CMake config files
[2.125s] Level 1:colcon.colcon_core.shell:create_environment_hook('bumper_cpp_examples', 'cmake_prefix_path')
[2.125s] INFO:colcon.colcon_core.shell:Creating environment hook '/home/madison/Documents/Firmware/bumperbot_ws/install/bumper_cpp_examples/share/bumper_cpp_examples/hook/cmake_prefix_path.ps1'
[2.126s] INFO:colcon.colcon_core.shell:Creating environment descriptor '/home/madison/Documents/Firmware/bumperbot_ws/install/bumper_cpp_examples/share/bumper_cpp_examples/hook/cmake_prefix_path.dsv'
[2.127s] INFO:colcon.colcon_core.shell:Creating environment hook '/home/madison/Documents/Firmware/bumperbot_ws/install/bumper_cpp_examples/share/bumper_cpp_examples/hook/cmake_prefix_path.sh'
[2.128s] Level 1:colcon.colcon_core.environment:checking '/home/madison/Documents/Firmware/bumperbot_ws/install/bumper_cpp_examples/bin'
[2.128s] Level 1:colcon.colcon_core.environment:checking '/home/madison/Documents/Firmware/bumperbot_ws/install/bumper_cpp_examples/lib/pkgconfig/bumper_cpp_examples.pc'
[2.129s] Level 1:colcon.colcon_core.environment:checking '/home/madison/Documents/Firmware/bumperbot_ws/install/bumper_cpp_examples/lib/python3.12/site-packages'
[2.129s] Level 1:colcon.colcon_core.environment:checking '/home/madison/Documents/Firmware/bumperbot_ws/install/bumper_cpp_examples/bin'
[2.130s] INFO:colcon.colcon_core.shell:Creating package script '/home/madison/Documents/Firmware/bumperbot_ws/install/bumper_cpp_examples/share/bumper_cpp_examples/package.ps1'
[2.131s] INFO:colcon.colcon_core.shell:Creating package descriptor '/home/madison/Documents/Firmware/bumperbot_ws/install/bumper_cpp_examples/share/bumper_cpp_examples/package.dsv'
[2.132s] INFO:colcon.colcon_core.shell:Creating package script '/home/madison/Documents/Firmware/bumperbot_ws/install/bumper_cpp_examples/share/bumper_cpp_examples/package.sh'
[2.134s] INFO:colcon.colcon_core.shell:Creating package script '/home/madison/Documents/Firmware/bumperbot_ws/install/bumper_cpp_examples/share/bumper_cpp_examples/package.bash'
[2.136s] INFO:colcon.colcon_core.shell:Creating package script '/home/madison/Documents/Firmware/bumperbot_ws/install/bumper_cpp_examples/share/bumper_cpp_examples/package.zsh'
[2.138s] Level 1:colcon.colcon_core.environment:create_file_with_runtime_dependencies(/home/madison/Documents/Firmware/bumperbot_ws/install/bumper_cpp_examples/share/colcon-core/packages/bumper_cpp_examples)
[2.139s] Level 1:colcon.colcon_core.environment:create_environment_scripts_only(bumper_cpp_examples)
[2.140s] Level 1:colcon.colcon_core.environment:checking '/home/madison/Documents/Firmware/bumperbot_ws/install/bumper_cpp_examples' for CMake module files
[2.142s] Level 1:colcon.colcon_core.environment:checking '/home/madison/Documents/Firmware/bumperbot_ws/install/bumper_cpp_examples' for CMake config files
[2.143s] Level 1:colcon.colcon_core.shell:create_environment_hook('bumper_cpp_examples', 'cmake_prefix_path')
[2.143s] INFO:colcon.colcon_core.shell:Creating environment hook '/home/madison/Documents/Firmware/bumperbot_ws/install/bumper_cpp_examples/share/bumper_cpp_examples/hook/cmake_prefix_path.ps1'
[2.144s] INFO:colcon.colcon_core.shell:Creating environment descriptor '/home/madison/Documents/Firmware/bumperbot_ws/install/bumper_cpp_examples/share/bumper_cpp_examples/hook/cmake_prefix_path.dsv'
[2.145s] INFO:colcon.colcon_core.shell:Creating environment hook '/home/madison/Documents/Firmware/bumperbot_ws/install/bumper_cpp_examples/share/bumper_cpp_examples/hook/cmake_prefix_path.sh'
[2.145s] Level 1:colcon.colcon_core.environment:checking '/home/madison/Documents/Firmware/bumperbot_ws/install/bumper_cpp_examples/bin'
[2.146s] Level 1:colcon.colcon_core.environment:checking '/home/madison/Documents/Firmware/bumperbot_ws/install/bumper_cpp_examples/lib/pkgconfig/bumper_cpp_examples.pc'
[2.146s] Level 1:colcon.colcon_core.environment:checking '/home/madison/Documents/Firmware/bumperbot_ws/install/bumper_cpp_examples/lib/python3.12/site-packages'
[2.146s] Level 1:colcon.colcon_core.environment:checking '/home/madison/Documents/Firmware/bumperbot_ws/install/bumper_cpp_examples/bin'
[2.147s] INFO:colcon.colcon_core.shell:Creating package script '/home/madison/Documents/Firmware/bumperbot_ws/install/bumper_cpp_examples/share/bumper_cpp_examples/package.ps1'
[2.147s] INFO:colcon.colcon_core.shell:Creating package descriptor '/home/madison/Documents/Firmware/bumperbot_ws/install/bumper_cpp_examples/share/bumper_cpp_examples/package.dsv'
[2.148s] INFO:colcon.colcon_core.shell:Creating package script '/home/madison/Documents/Firmware/bumperbot_ws/install/bumper_cpp_examples/share/bumper_cpp_examples/package.sh'
[2.149s] INFO:colcon.colcon_core.shell:Creating package script '/home/madison/Documents/Firmware/bumperbot_ws/install/bumper_cpp_examples/share/bumper_cpp_examples/package.bash'
[2.149s] INFO:colcon.colcon_core.shell:Creating package script '/home/madison/Documents/Firmware/bumperbot_ws/install/bumper_cpp_examples/share/bumper_cpp_examples/package.zsh'
[2.150s] Level 1:colcon.colcon_core.environment:create_file_with_runtime_dependencies(/home/madison/Documents/Firmware/bumperbot_ws/install/bumper_cpp_examples/share/colcon-core/packages/bumper_cpp_examples)
[2.457s] DEBUG:colcon.colcon_core.event_handler.log_command:Invoking command in '/home/madison/Documents/Firmware/bumperbot_ws/src/bumper_py_examples': DEBUGINFOD_URLS=https://debuginfod.ubuntu.com PYTHONPATH=/home/madison/Documents/Firmware/bumperbot_ws/build/bumper_py_examples/prefix_override:/usr/lib/python3/dist-packages/colcon_core/task/python/colcon_distutils_commands:/home/madison/Documents/Firmware/bumperbot_ws/install/bumper_py_examples/lib/python3.12/site-packages:${PYTHONPATH} /usr/bin/python3 -W ignore:setup.py install is deprecated -W ignore:easy_install command is deprecated setup.py egg_info --egg-base ../../build/bumper_py_examples build --build-base /home/madison/Documents/Firmware/bumperbot_ws/build/bumper_py_examples/build install --record /home/madison/Documents/Firmware/bumperbot_ws/build/bumper_py_examples/install.log --single-version-externally-managed install_data
[3.337s] Level 1:colcon.colcon_core.environment:checking '/home/madison/Documents/Firmware/bumperbot_ws/install/bumper_py_examples' for CMake module files
[3.339s] DEBUG:colcon.colcon_core.event_handler.log_command:Invoked command in '/home/madison/Documents/Firmware/bumperbot_ws/src/bumper_py_examples' returned '0': DEBUGINFOD_URLS=https://debuginfod.ubuntu.com PYTHONPATH=/home/madison/Documents/Firmware/bumperbot_ws/build/bumper_py_examples/prefix_override:/usr/lib/python3/dist-packages/colcon_core/task/python/colcon_distutils_commands:/home/madison/Documents/Firmware/bumperbot_ws/install/bumper_py_examples/lib/python3.12/site-packages:${PYTHONPATH} /usr/bin/python3 -W ignore:setup.py install is deprecated -W ignore:easy_install command is deprecated setup.py egg_info --egg-base ../../build/bumper_py_examples build --build-base /home/madison/Documents/Firmware/bumperbot_ws/build/bumper_py_examples/build install --record /home/madison/Documents/Firmware/bumperbot_ws/build/bumper_py_examples/install.log --single-version-externally-managed install_data
[3.340s] Level 1:colcon.colcon_core.environment:checking '/home/madison/Documents/Firmware/bumperbot_ws/install/bumper_py_examples' for CMake config files
[3.342s] Level 1:colcon.colcon_core.environment:checking '/home/madison/Documents/Firmware/bumperbot_ws/install/bumper_py_examples/lib'
[3.343s] Level 1:colcon.colcon_core.environment:checking '/home/madison/Documents/Firmware/bumperbot_ws/install/bumper_py_examples/bin'
[3.343s] Level 1:colcon.colcon_core.environment:checking '/home/madison/Documents/Firmware/bumperbot_ws/install/bumper_py_examples/lib/pkgconfig/bumper_py_examples.pc'
[3.344s] Level 1:colcon.colcon_core.environment:checking '/home/madison/Documents/Firmware/bumperbot_ws/install/bumper_py_examples/lib/python3.12/site-packages'
[3.344s] Level 1:colcon.colcon_core.shell:create_environment_hook('bumper_py_examples', 'pythonpath')
[3.345s] INFO:colcon.colcon_core.shell:Creating environment hook '/home/madison/Documents/Firmware/bumperbot_ws/install/bumper_py_examples/share/bumper_py_examples/hook/pythonpath.ps1'
[3.346s] INFO:colcon.colcon_core.shell:Creating environment descriptor '/home/madison/Documents/Firmware/bumperbot_ws/install/bumper_py_examples/share/bumper_py_examples/hook/pythonpath.dsv'
[3.347s] INFO:colcon.colcon_core.shell:Creating environment hook '/home/madison/Documents/Firmware/bumperbot_ws/install/bumper_py_examples/share/bumper_py_examples/hook/pythonpath.sh'
[3.349s] Level 1:colcon.colcon_core.environment:checking '/home/madison/Documents/Firmware/bumperbot_ws/install/bumper_py_examples/bin'
[3.349s] Level 1:colcon.colcon_core.environment:create_environment_scripts_only(bumper_py_examples)
[3.350s] INFO:colcon.colcon_core.shell:Creating package script '/home/madison/Documents/Firmware/bumperbot_ws/install/bumper_py_examples/share/bumper_py_examples/package.ps1'
[3.352s] INFO:colcon.colcon_core.shell:Creating package descriptor '/home/madison/Documents/Firmware/bumperbot_ws/install/bumper_py_examples/share/bumper_py_examples/package.dsv'
[3.353s] INFO:colcon.colcon_core.shell:Creating package script '/home/madison/Documents/Firmware/bumperbot_ws/install/bumper_py_examples/share/bumper_py_examples/package.sh'
[3.354s] INFO:colcon.colcon_core.shell:Creating package script '/home/madison/Documents/Firmware/bumperbot_ws/install/bumper_py_examples/share/bumper_py_examples/package.bash'
[3.356s] INFO:colcon.colcon_core.shell:Creating package script '/home/madison/Documents/Firmware/bumperbot_ws/install/bumper_py_examples/share/bumper_py_examples/package.zsh'
[3.357s] Level 1:colcon.colcon_core.environment:create_file_with_runtime_dependencies(/home/madison/Documents/Firmware/bumperbot_ws/install/bumper_py_examples/share/colcon-core/packages/bumper_py_examples)
[3.357s] DEBUG:colcon.colcon_parallel_executor.executor.parallel:closing loop
[3.358s] DEBUG:colcon.colcon_parallel_executor.executor.parallel:loop closed
[3.359s] DEBUG:colcon.colcon_parallel_executor.executor.parallel:run_until_complete finished with '0'
[3.359s] DEBUG:colcon.colcon_core.event_reactor:joining thread
[3.366s] INFO:colcon.colcon_core.plugin_system:Skipping extension 'colcon_notification.desktop_notification.terminal_notifier': Not used on non-Darwin systems
[3.366s] INFO:colcon.colcon_core.plugin_system:Skipping extension 'colcon_notification.desktop_notification.win32': Not used on non-Windows systems
[3.366s] INFO:colcon.colcon_notification.desktop_notification:Sending desktop notification using 'notify2'
[3.389s] DEBUG:colcon.colcon_core.event_reactor:joined thread
[3.390s] INFO:colcon.colcon_core.shell:Creating prefix script '/home/madison/Documents/Firmware/bumperbot_ws/install/local_setup.ps1'
[3.391s] INFO:colcon.colcon_core.shell:Creating prefix util module '/home/madison/Documents/Firmware/bumperbot_ws/install/_local_setup_util_ps1.py'
[3.393s] INFO:colcon.colcon_core.shell:Creating prefix chain script '/home/madison/Documents/Firmware/bumperbot_ws/install/setup.ps1'
[3.395s] INFO:colcon.colcon_core.shell:Creating prefix script '/home/madison/Documents/Firmware/bumperbot_ws/install/local_setup.sh'
[3.398s] INFO:colcon.colcon_core.shell:Creating prefix util module '/home/madison/Documents/Firmware/bumperbot_ws/install/_local_setup_util_sh.py'
[3.399s] INFO:colcon.colcon_core.shell:Creating prefix chain script '/home/madison/Documents/Firmware/bumperbot_ws/install/setup.sh'
[3.401s] INFO:colcon.colcon_core.shell:Creating prefix script '/home/madison/Documents/Firmware/bumperbot_ws/install/local_setup.bash'
[3.402s] INFO:colcon.colcon_core.shell:Creating prefix chain script '/home/madison/Documents/Firmware/bumperbot_ws/install/setup.bash'
[3.404s] INFO:colcon.colcon_core.shell:Creating prefix script '/home/madison/Documents/Firmware/bumperbot_ws/install/local_setup.zsh'
[3.405s] INFO:colcon.colcon_core.shell:Creating prefix chain script '/home/madison/Documents/Firmware/bumperbot_ws/install/setup.zsh'
